2021/05/29 03:36:35.399	INFO	cluster/service.go:80	Sys log Init success !
2021/05/29 03:36:35.403	INFO	cluster/service.go:85	Sys event Init success !
2021/05/29 03:36:35.408	INFO	cluster/service.go:90	Sys cron Init success !
2021/05/29 03:36:35.411	INFO	cluster/service.go:95	Sys registry Init success !
2021/05/29 03:36:35.429	INFO	cluster/service.go:100	Sys rpc Init success !
2021/05/29 03:36:35.429	INFO	services/servicebase.go:21	Sys event Init success !
2021/05/29 03:36:35.807	INFO	services/servicebase.go:26	Sys db Init success !
2021/05/29 03:36:35.807	INFO	cbase/servicebase.go:62	服务[console_1] 初始化完成!
2021/05/29 03:36:35.807	INFO	cbase/servicebase.go:84	服务[console_1] 启动完成!
2021/05/29 03:36:35.807	WARN	cbase/servicebase.go:102	注册模块【SM_MonitorModule】 没有对应的配置信息
2021/05/29 03:36:58.181	INFO	console/module.go:98	orsign:Password=li13451234&PhonOrEmail=2211068034@qq.com&key=@234%67g12q4*67m12#4l67!
2021/05/29 03:36:58.192	DEBUG	console/module.go:125	/lego/user/loginbypassword resp: code:14 data:<nil>
2021/05/29 03:36:58.194	DEBUG	console/api_comp.go:368	LoginByPasswordReq:PhonOrEmail:"2211068034@qq.com"  Password:"li13451234"  Sign:"4115a993c09f328bce8181c19cf522eb"
2021/05/29 03:37:15.872	INFO	console/module.go:98	orsign:CaptchaType=0&PhonOrEmail=liwei1dao@gmail.com&key=@234%67g12q4*67m12#4l67!
2021/05/29 03:37:17.161	DEBUG	console/module.go:125	/lego/api/sendemailcaptcha resp: code:0 data:<nil>
2021/05/29 03:37:17.162	DEBUG	console/api_comp.go:92	SendEmailCaptchaReq:PhonOrEmail:"liwei1dao@gmail.com"  Sign:"4d8687d86e8999d699bb1a9316f6b7e2"
2021/05/29 03:37:36.234	INFO	console/module.go:98	orsign:Captcha=3995&Password=li13451234&PhonOrEmail=liwei1dao@gmail.com&key=@234%67g12q4*67m12#4l67!
2021/05/29 03:37:36.524	DEBUG	console/module.go:125	/lego/user/registerbycaptcha resp: code:0 data:qx8Bcbut9l09c0YrNWbjSzkBtOqNObzh4Yrby5zZ8RM=
2021/05/29 03:37:36.525	DEBUG	console/api_comp.go:290	RegisterByCaptchaReq:PhonOrEmail:"liwei1dao@gmail.com"  Password:"li13451234"  Captcha:"3995"  Sign:"657e0ab9dadd5de7f2ae232c7e3821a4"
2021/05/29 03:37:52.168	INFO	console/module.go:98	orsign:Password=li13451234&PhonOrEmail=liwei1dao@gmail.com&key=@234%67g12q4*67m12#4l67!
2021/05/29 03:37:52.199	DEBUG	console/module.go:125	/lego/user/loginbypassword resp: code:0 data:Id:968664  PhonOrEmail:"liwei1dao@gmail.com"  Password:"li13451234"  NickName:"liwei1dao@gmail.com"  Token:"DG67xUfp+dmVSs0Hc4hNC7HbkxRsLitnx7PPSUNZ9PA="
2021/05/29 03:37:52.199	DEBUG	console/api_comp.go:364	LoginByPasswordReq:PhonOrEmail:"liwei1dao@gmail.com"  Password:"li13451234"  Sign:"78d6b093a934c48d414ee7a1d7d31676"
2021/05/29 03:37:52.252	DEBUG	console/module.go:125	/lego/article/getlastarticles resp: code:0 data:[]
2021/05/29 03:37:52.252	DEBUG	console/articleapicomp.go:176	GetLastArticlesReq:
2021/05/29 03:48:52.643	ERROR	cbase/servicebase.go:139	服务[console_1] 关闭 signal = terminated

